13:30:17.837 [main] INFO  testCases.AccountRegistrationTest - ***** Starting TC001_AccountRegistrationTest  ****
13:30:18.879 [main] INFO  testCases.AccountRegistrationTest - Clicked on MyAccount Link.. 
13:30:19.736 [main] INFO  testCases.AccountRegistrationTest - Clicked on Register Link.. 
13:30:19.736 [main] INFO  testCases.AccountRegistrationTest - Providing customer details...
13:30:21.452 [main] INFO  testCases.AccountRegistrationTest - Validating expected message..
13:30:21.499 [main] INFO  testCases.AccountRegistrationTest - ***** Finished TC001_AccountRegistrationTest *****
13:30:24.789 [main] INFO  testCases.LoginTest - ***** Starting TC001_AccountRegistrationTest  ****
13:30:24.793 [main] INFO  testCases.LoginTest - Clicked on MyAccount Link.. 
13:30:25.593 [main] INFO  testCases.LoginTest - Clicked on Register Link.. 
13:30:26.113 [main] INFO  testCases.LoginTest - Providing Login details...
13:30:27.705 [main] INFO  testCases.LoginTest - Validating expected message..
13:30:27.796 [main] INFO  testCases.LoginTest - Finished LoginTest
23:14:13.262 [main] INFO  testCases.AccountRegistrationTest - ***** Starting TC001_AccountRegistrationTest  ****
23:14:14.260 [main] INFO  testCases.AccountRegistrationTest - Clicked on MyAccount Link.. 
23:14:15.182 [main] INFO  testCases.AccountRegistrationTest - Clicked on Register Link.. 
23:14:15.187 [main] INFO  testCases.AccountRegistrationTest - Providing customer details...
23:14:17.548 [main] INFO  testCases.AccountRegistrationTest - Validating expected message..
23:14:17.646 [main] INFO  testCases.AccountRegistrationTest - ***** Finished TC001_AccountRegistrationTest *****
23:14:22.473 [main] INFO  testCases.LoginTest - ***** Starting TC001_AccountRegistrationTest  ****
23:14:22.473 [main] INFO  testCases.LoginTest - Clicked on MyAccount Link.. 
23:14:23.408 [main] INFO  testCases.LoginTest - Clicked on Register Link.. 
23:14:23.958 [main] INFO  testCases.LoginTest - Providing Login details...
23:14:25.545 [main] INFO  testCases.LoginTest - Validating expected message..
23:14:25.622 [main] INFO  testCases.LoginTest - Finished LoginTest
00:40:57.475 [main] INFO  testCases.AccountRegistrationTest - ***** Starting TC001_AccountRegistrationTest  ****
00:40:57.699 [main] INFO  testCases.AccountRegistrationTest - Clicked on MyAccount Link.. 
00:40:58.276 [main] INFO  testCases.AccountRegistrationTest - Clicked on Register Link.. 
00:40:58.278 [main] INFO  testCases.AccountRegistrationTest - Providing customer details...
00:41:00.647 [main] INFO  testCases.AccountRegistrationTest - Validating expected message..
00:41:00.690 [main] INFO  testCases.AccountRegistrationTest - ***** Finished TC001_AccountRegistrationTest *****
00:41:04.307 [main] INFO  testCases.LoginTest - ***** Starting TC001_AccountRegistrationTest *****
00:41:04.307 [main] INFO  testCases.LoginTest - Navigating to My Account...
00:41:04.718 [main] INFO  testCases.LoginTest - Navigating to Login...
00:41:05.246 [main] INFO  testCases.LoginTest - Providing login details...
00:41:06.854 [main] INFO  testCases.LoginTest - Login test passed.
